2:59:37 PM: Netlify Build                                                 
2:59:37 PM: â”€â”€â”€â”€â”€â”€â”€â”€â”€â”€â”€â”€â”€â”€â”€â”€â”€â”€â”€â”€â”€â”€â”€â”€â”€â”€â”€â”€â”€â”€â”€â”€â”€â”€â”€â”€â”€â”€â”€â”€â”€â”€â”€â”€â”€â”€â”€â”€â”€â”€â”€â”€â”€â”€â”€â”€â”€â”€â”€â”€â”€â”€â”€â”€
2:59:37 PM: â€‹
2:59:37 PM: â¯ Version
2:59:37 PM:   @netlify/build 31.0.2
2:59:37 PM: â€‹
2:59:37 PM: â¯ Flags
2:59:37 PM:   accountId: 67b93ed93699b498398f4a5d
2:59:37 PM:   baseRelDir: true
2:59:37 PM:   buildId: 67f974459a0072000771ccda
2:59:37 PM:   deployId: 67f974459a0072000771ccdc
2:59:38 PM: â€‹
2:59:38 PM: â¯ Current directory
2:59:38 PM:   /opt/build/repo
2:59:38 PM: â€‹
2:59:38 PM: â¯ Config file
2:59:38 PM:   /opt/build/repo/netlify.toml
2:59:38 PM: â€‹
2:59:38 PM: â¯ Context
2:59:38 PM:   production
2:59:38 PM: â€‹
2:59:38 PM: build.command from netlify.toml                               
2:59:38 PM: â”€â”€â”€â”€â”€â”€â”€â”€â”€â”€â”€â”€â”€â”€â”€â”€â”€â”€â”€â”€â”€â”€â”€â”€â”€â”€â”€â”€â”€â”€â”€â”€â”€â”€â”€â”€â”€â”€â”€â”€â”€â”€â”€â”€â”€â”€â”€â”€â”€â”€â”€â”€â”€â”€â”€â”€â”€â”€â”€â”€â”€â”€â”€â”€
2:59:38 PM: â€‹
2:59:38 PM: $ node scripts/netlify-build.cjs
2:59:38 PM: ğŸ“¦ Starting Netlify build process...
2:59:38 PM: ğŸ” Ensuring build dependencies are installed...
2:59:40 PM: changed 10 packages in 2s
2:59:40 PM: 3 packages are looking for funding
2:59:40 PM:   run `npm fund` for details
2:59:40 PM: ğŸ“ Creating polyfill stub...
2:59:40 PM: ğŸ” Installing ALL dependencies (including dev dependencies)...
2:59:42 PM: npm warn deprecated glob@7.2.3: Glob versions prior to v9 are no longer supported
2:59:42 PM: npm warn deprecated glob@7.2.3: Glob versions prior to v9 are no longer supported
2:59:42 PM: npm warn deprecated @esbuild-kit/esm-loader@2.6.5: Merged into tsx: https://tsx.is
2:59:42 PM: npm warn deprecated @esbuild-kit/core-utils@3.3.2: Merged into tsx: https://tsx.is
2:59:43 PM: npm warn deprecated @paulmillr/qr@0.2.1: The package is now available as "qr": npm install qr
2:59:43 PM: npm warn deprecated glob@7.1.7: Glob versions prior to v9 are no longer supported
2:59:43 PM: npm warn deprecated glob@5.0.15: Glob versions prior to v9 are no longer supported
2:59:43 PM: npm warn deprecated uuid@2.0.1: Please upgrade  to version 7 or higher.  Older versions may use Math.random() in certain circumstances, which is known to be problematic.  See https://v8.dev/blog/math-random for details.
2:59:44 PM: npm warn deprecated @web3modal/core@2.7.1: Web3Modal is now Reown AppKit. Please follow the upgrade guide at https://docs.reown.com/appkit/upgrade/from-w3m-to-reown
2:59:47 PM: npm warn deprecated @web3modal/ui@2.7.1: Web3Modal is now Reown AppKit. Please follow the upgrade guide at https://docs.reown.com/appkit/upgrade/from-w3m-to-reown
2:59:47 PM: npm warn deprecated @web3modal/core@5.1.11: Web3Modal is now Reown AppKit. Please follow the upgrade guide at https://docs.reown.com/appkit/upgrade/from-w3m-to-reown
2:59:47 PM: npm warn deprecated @web3modal/core@5.1.11: Web3Modal is now Reown AppKit. Please follow the upgrade guide at https://docs.reown.com/appkit/upgrade/from-w3m-to-reown
2:59:47 PM: npm warn deprecated @web3modal/core@5.1.11: Web3Modal is now Reown AppKit. Please follow the upgrade guide at https://docs.reown.com/appkit/upgrade/from-w3m-to-reown
2:59:47 PM: npm warn deprecated @web3modal/core@5.1.11: Web3Modal is now Reown AppKit. Please follow the upgrade guide at https://docs.reown.com/appkit/upgrade/from-w3m-to-reown
2:59:51 PM: npm warn deprecated @web3modal/ui@5.1.11: Web3Modal is now Reown AppKit. Please follow the upgrade guide at https://docs.reown.com/appkit/upgrade/from-w3m-to-reown
2:59:51 PM: npm warn deprecated @web3modal/ui@5.1.11: Web3Modal is now Reown AppKit. Please follow the upgrade guide at https://docs.reown.com/appkit/upgrade/from-w3m-to-reown
2:59:51 PM: npm warn deprecated @web3modal/ui@5.1.11: Web3Modal is now Reown AppKit. Please follow the upgrade guide at https://docs.reown.com/appkit/upgrade/from-w3m-to-reown
3:00:00 PM: added 641 packages, removed 90 packages, changed 55 packages, and audited 1548 packages in 20s
3:00:00 PM: 197 packages are looking for funding
3:00:00 PM:   run `npm fund` for details
3:00:00 PM: 34 vulnerabilities (16 low, 8 moderate, 9 high, 1 critical)
3:00:00 PM: To address issues that do not require attention, run:
3:00:00 PM:   npm audit fix
3:00:00 PM: To address all issues possible (including breaking changes), run:
3:00:00 PM:   npm audit fix --force
3:00:00 PM: Some issues need review, and may require choosing
3:00:00 PM: a different dependency.
3:00:00 PM: Run `npm audit` for details.
3:00:00 PM: ğŸ” Installing critical packages explicitly...
3:00:03 PM: changed 1 package, and audited 1472 packages in 3s
3:00:03 PM: 189 packages are looking for funding
3:00:03 PM:   run `npm fund` for details
3:00:03 PM: 29 vulnerabilities (16 low, 3 moderate, 9 high, 1 critical)
3:00:03 PM: To address issues that do not require attention, run:
3:00:03 PM:   npm audit fix
3:00:03 PM: To address all issues possible (including breaking changes), run:
3:00:03 PM:   npm audit fix --force
3:00:03 PM: Some issues need review, and may require choosing
3:00:03 PM: a different dependency.
3:00:03 PM: Run `npm audit` for details.
3:00:03 PM: ğŸ§¹ Cleaning build cache...
3:00:03 PM: ğŸ”§ Patching thor-devkit...
3:00:03 PM: Starting VeChain Thor-devkit patching process...
3:00:03 PM: Found improved patching script, executing...
3:00:03 PM: ğŸ”§ Starting improved patching process for browser compatibility...
3:00:03 PM: âœ… Created browser-compatible fs polyfill: /opt/build/repo/client/src/lib/fs-browserify.js
3:00:03 PM: âœ… Created thor-devkit crypto polyfill: /opt/build/repo/client/src/lib/thor-polyfills.ts
3:00:03 PM: ğŸ” Patching thor-devkit package...
3:00:03 PM: ğŸ“„ Patching file: /opt/build/repo/node_modules/thor-devkit/dist/abi.js
3:00:03 PM: â© No changes needed: /opt/build/repo/node_modules/thor-devkit/dist/abi.js
3:00:03 PM: ğŸ“„ Patching file: /opt/build/repo/node_modules/thor-devkit/dist/address.js
3:00:03 PM: â© No changes needed: /opt/build/repo/node_modules/thor-devkit/dist/address.js
3:00:03 PM: ğŸ“„ Patching file: /opt/build/repo/node_modules/thor-devkit/dist/blake2b.js
3:00:03 PM: â© No changes needed: /opt/build/repo/node_modules/thor-devkit/dist/blake2b.js
3:00:03 PM: ğŸ“„ Patching file: /opt/build/repo/node_modules/thor-devkit/dist/bloom.js
3:00:03 PM: â© No changes needed: /opt/build/repo/node_modules/thor-devkit/dist/bloom.js
3:00:03 PM: ğŸ“„ Patching file: /opt/build/repo/node_modules/thor-devkit/dist/certificate.js
3:00:03 PM: â© No changes needed: /opt/build/repo/node_modules/thor-devkit/dist/certificate.js
3:00:03 PM: ğŸ“„ Patching file: /opt/build/repo/node_modules/thor-devkit/dist/hdnode.js
3:00:03 PM: âœ… Patched: /opt/build/repo/node_modules/thor-devkit/dist/hdnode.js
3:00:03 PM: ğŸ“„ Patching file: /opt/build/repo/node_modules/thor-devkit/dist/index.js
3:00:03 PM: â© No changes needed: /opt/build/repo/node_modules/thor-devkit/dist/index.js
3:00:03 PM: ğŸ“„ Patching file: /opt/build/repo/node_modules/thor-devkit/dist/keccak.js
3:00:03 PM: â© No changes needed: /opt/build/repo/node_modules/thor-devkit/dist/keccak.js
3:00:03 PM: ğŸ“„ Patching file: /opt/build/repo/node_modules/thor-devkit/dist/keystore.js
3:00:03 PM: â© No changes needed: /opt/build/repo/node_modules/thor-devkit/dist/keystore.js
3:00:03 PM: ğŸ“„ Patching file: /opt/build/repo/node_modules/thor-devkit/dist/mnemonic.js
3:00:03 PM: âœ… Patched: /opt/build/repo/node_modules/thor-devkit/dist/mnemonic.js
3:00:03 PM: ğŸ“„ Patching file: /opt/build/repo/node_modules/thor-devkit/dist/rlp.js
3:00:03 PM: â© No changes needed: /opt/build/repo/node_modules/thor-devkit/dist/rlp.js
3:00:03 PM: ğŸ“„ Patching file: /opt/build/repo/node_modules/thor-devkit/dist/secp256k1.js
3:00:03 PM: âœ… Patched: /opt/build/repo/node_modules/thor-devkit/dist/secp256k1.js
3:00:03 PM: ğŸ“„ Patching file: /opt/build/repo/node_modules/thor-devkit/dist/transaction.js
3:00:03 PM: â© No changes needed: /opt/build/repo/node_modules/thor-devkit/dist/transaction.js
3:00:03 PM: ğŸ“„ Patching file: /opt/build/repo/node_modules/thor-devkit/esm/abi.js
3:00:03 PM: â© No changes needed: /opt/build/repo/node_modules/thor-devkit/esm/abi.js
3:00:03 PM: ğŸ“„ Patching file: /opt/build/repo/node_modules/thor-devkit/esm/address.js
3:00:03 PM: â© No changes needed: /opt/build/repo/node_modules/thor-devkit/esm/address.js
3:00:03 PM: ğŸ“„ Patching file: /opt/build/repo/node_modules/thor-devkit/esm/blake2b.js
3:00:03 PM: â© No changes needed: /opt/build/repo/node_modules/thor-devkit/esm/blake2b.js
3:00:03 PM: ğŸ“„ Patching file: /opt/build/repo/node_modules/thor-devkit/esm/bloom.js
3:00:03 PM: â© No changes needed: /opt/build/repo/node_modules/thor-devkit/esm/bloom.js
3:00:03 PM: ğŸ“„ Patching file: /opt/build/repo/node_modules/thor-devkit/esm/certificate.js
3:00:03 PM: â© No changes needed: /opt/build/repo/node_modules/thor-devkit/esm/certificate.js
3:00:03 PM: ğŸ“„ Patching file: /opt/build/repo/node_modules/thor-devkit/esm/hdnode.js
3:00:03 PM: âœ… Patched: /opt/build/repo/node_modules/thor-devkit/esm/hdnode.js
3:00:03 PM: ğŸ“„ Patching file: /opt/build/repo/node_modules/thor-devkit/esm/index.js
3:00:03 PM: â© No changes needed: /opt/build/repo/node_modules/thor-devkit/esm/index.js
3:00:03 PM: ğŸ“„ Patching file: /opt/build/repo/node_modules/thor-devkit/esm/keccak.js
3:00:03 PM: â© No changes needed: /opt/build/repo/node_modules/thor-devkit/esm/keccak.js
3:00:03 PM: ğŸ“„ Patching file: /opt/build/repo/node_modules/thor-devkit/esm/keystore.js
3:00:03 PM: â© No changes needed: /opt/build/repo/node_modules/thor-devkit/esm/keystore.js
3:00:03 PM: ğŸ“„ Patching file: /opt/build/repo/node_modules/thor-devkit/esm/mnemonic.js
3:00:03 PM: âœ… Patched: /opt/build/repo/node_modules/thor-devkit/esm/mnemonic.js
3:00:03 PM: ğŸ“„ Patching file: /opt/build/repo/node_modules/thor-devkit/esm/rlp.js
3:00:03 PM: â© No changes needed: /opt/build/repo/node_modules/thor-devkit/esm/rlp.js
3:00:03 PM: ğŸ“„ Patching file: /opt/build/repo/node_modules/thor-devkit/esm/secp256k1.js
3:00:04 PM: âœ… Patched: /opt/build/repo/node_modules/thor-devkit/esm/secp256k1.js
3:00:04 PM: ğŸ“„ Patching file: /opt/build/repo/node_modules/thor-devkit/esm/transaction.js
3:00:04 PM: â© No changes needed: /opt/build/repo/node_modules/thor-devkit/esm/transaction.js
3:00:04 PM: ğŸ“„ Patching file: /opt/build/repo/node_modules/thor-devkit/node_modules/elliptic/lib/elliptic/curve/base.js
3:00:04 PM: â© No changes needed: /opt/build/repo/node_modules/thor-devkit/node_modules/elliptic/lib/elliptic/curve/base.js
3:00:04 PM: ğŸ“„ Patching file: /opt/build/repo/node_modules/thor-devkit/node_modules/elliptic/lib/elliptic/curve/edwards.js
3:00:04 PM: â© No changes needed: /opt/build/repo/node_modules/thor-devkit/node_modules/elliptic/lib/elliptic/curve/edwards.js
3:00:04 PM: ğŸ“„ Patching file: /opt/build/repo/node_modules/thor-devkit/node_modules/elliptic/lib/elliptic/curve/index.js
3:00:04 PM: â© No changes needed: /opt/build/repo/node_modules/thor-devkit/node_modules/elliptic/lib/elliptic/curve/index.js
3:00:04 PM: ğŸ“„ Patching file: /opt/build/repo/node_modules/thor-devkit/node_modules/elliptic/lib/elliptic/curve/mont.js
3:00:04 PM: â© No changes needed: /opt/build/repo/node_modules/thor-devkit/node_modules/elliptic/lib/elliptic/curve/mont.js
3:00:04 PM: ğŸ“„ Patching file: /opt/build/repo/node_modules/thor-devkit/node_modules/elliptic/lib/elliptic/curve/short.js
3:00:04 PM: â© No changes needed: /opt/build/repo/node_modules/thor-devkit/node_modules/elliptic/lib/elliptic/curve/short.js
3:00:04 PM: ğŸ“„ Patching file: /opt/build/repo/node_modules/thor-devkit/node_modules/elliptic/lib/elliptic/curves.js
3:00:04 PM: â© No changes needed: /opt/build/repo/node_modules/thor-devkit/node_modules/elliptic/lib/elliptic/curves.js
3:00:04 PM: ğŸ“„ Patching file: /opt/build/repo/node_modules/thor-devkit/node_modules/elliptic/lib/elliptic/ec/index.js
3:00:04 PM: â© No changes needed: /opt/build/repo/node_modules/thor-devkit/node_modules/elliptic/lib/elliptic/ec/index.js
3:00:04 PM: ğŸ“„ Patching file: /opt/build/repo/node_modules/thor-devkit/node_modules/elliptic/lib/elliptic/ec/key.js
3:00:04 PM: â© No changes needed: /opt/build/repo/node_modules/thor-devkit/node_modules/elliptic/lib/elliptic/ec/key.js
3:00:04 PM: ğŸ“„ Patching file: /opt/build/repo/node_modules/thor-devkit/node_modules/elliptic/lib/elliptic/ec/signature.js
3:00:04 PM: â© No changes needed: /opt/build/repo/node_modules/thor-devkit/node_modules/elliptic/lib/elliptic/ec/signature.js
3:00:04 PM: ğŸ“„ Patching file: /opt/build/repo/node_modules/thor-devkit/node_modules/elliptic/lib/elliptic/eddsa/index.js
3:00:04 PM: â© No changes needed: /opt/build/repo/node_modules/thor-devkit/node_modules/elliptic/lib/elliptic/eddsa/index.js
3:00:04 PM: ğŸ“„ Patching file: /opt/build/repo/node_modules/thor-devkit/node_modules/elliptic/lib/elliptic/eddsa/key.js
3:00:04 PM: â© No changes needed: /opt/build/repo/node_modules/thor-devkit/node_modules/elliptic/lib/elliptic/eddsa/key.js
3:00:04 PM: ğŸ“„ Patching file: /opt/build/repo/node_modules/thor-devkit/node_modules/elliptic/lib/elliptic/eddsa/signature.js
3:00:04 PM: â© No changes needed: /opt/build/repo/node_modules/thor-devkit/node_modules/elliptic/lib/elliptic/eddsa/signature.js
3:00:04 PM: ğŸ“„ Patching file: /opt/build/repo/node_modules/thor-devkit/node_modules/elliptic/lib/elliptic/precomputed/secp256k1.js
3:00:04 PM: â© No changes needed: /opt/build/repo/node_modules/thor-devkit/node_modules/elliptic/lib/elliptic/precomputed/secp256k1.js
3:00:04 PM: ğŸ“„ Patching file: /opt/build/repo/node_modules/thor-devkit/node_modules/elliptic/lib/elliptic/utils.js
3:00:04 PM: â© No changes needed: /opt/build/repo/node_modules/thor-devkit/node_modules/elliptic/lib/elliptic/utils.js
3:00:04 PM: ğŸ“„ Patching file: /opt/build/repo/node_modules/thor-devkit/node_modules/elliptic/lib/elliptic.js
3:00:04 PM: â© No changes needed: /opt/build/repo/node_modules/thor-devkit/node_modules/elliptic/lib/elliptic.js
3:00:04 PM: âœ… thor-devkit patching completed successfully!
3:00:04 PM: ğŸ” Patching @vechain/connex-driver package...
3:00:04 PM: ğŸ“„ Patching file: /opt/build/repo/node_modules/@vechain/connex-driver/dist/bloom.js
3:00:04 PM: â© No changes needed: /opt/build/repo/node_modules/@vechain/connex-driver/dist/bloom.js
3:00:04 PM: ğŸ“„ Patching file: /opt/build/repo/node_modules/@vechain/connex-driver/dist/cache.js
3:00:04 PM: â© No changes needed: /opt/build/repo/node_modules/@vechain/connex-driver/dist/cache.js
3:00:04 PM: ğŸ“„ Patching file: /opt/build/repo/node_modules/@vechain/connex-driver/dist/common.js
3:00:04 PM: â© No changes needed: /opt/build/repo/node_modules/@vechain/connex-driver/dist/common.js
3:00:04 PM: ğŸ“„ Patching file: /opt/build/repo/node_modules/@vechain/connex-driver/dist/driver-no-vendor.js
3:00:04 PM: â© No changes needed: /opt/build/repo/node_modules/@vechain/connex-driver/dist/driver-no-vendor.js
3:00:04 PM: ğŸ“„ Patching file: /opt/build/repo/node_modules/@vechain/connex-driver/dist/driver.js
3:00:04 PM: âœ… Patched: /opt/build/repo/node_modules/@vechain/connex-driver/dist/driver.js
3:00:04 PM: ğŸ“„ Patching file: /opt/build/repo/node_modules/@vechain/connex-driver/dist/index.js
3:00:04 PM: â© No changes needed: /opt/build/repo/node_modules/@vechain/connex-driver/dist/index.js
3:00:04 PM: ğŸ“„ Patching file: /opt/build/repo/node_modules/@vechain/connex-driver/dist/interfaces.js
3:00:04 PM: â© No changes needed: /opt/build/repo/node_modules/@vechain/connex-driver/dist/interfaces.js
3:00:04 PM: ğŸ“„ Patching file: /opt/build/repo/node_modules/@vechain/connex-driver/dist/promint.js
3:00:04 PM: â© No changes needed: /opt/build/repo/node_modules/@vechain/connex-driver/dist/promint.js
3:00:04 PM: ğŸ“„ Patching file: /opt/build/repo/node_modules/@vechain/connex-driver/dist/simple-net.js
3:00:04 PM: âœ… Patched: /opt/build/repo/node_modules/@vechain/connex-driver/dist/simple-net.js
3:00:04 PM: ğŸ“„ Patching file: /opt/build/repo/node_modules/@vechain/connex-driver/dist/simple-wallet.js
3:00:04 PM: â© No changes needed: /opt/build/repo/node_modules/@vechain/connex-driver/dist/simple-wallet.js
3:00:04 PM: ğŸ“„ Patching file: /opt/build/repo/node_modules/@vechain/connex-driver/dist/simple-websocket-reader.js
3:00:04 PM: â© No changes needed: /opt/build/repo/node_modules/@vechain/connex-driver/dist/simple-websocket-reader.js
3:00:04 PM: ğŸ“„ Patching file: /opt/build/repo/node_modules/@vechain/connex-driver/esm/bloom.js
3:00:04 PM: â© No changes needed: /opt/build/repo/node_modules/@vechain/connex-driver/esm/bloom.js
3:00:04 PM: ğŸ“„ Patching file: /opt/build/repo/node_modules/@vechain/connex-driver/esm/cache.js
3:00:04 PM: â© No changes needed: /opt/build/repo/node_modules/@vechain/connex-driver/esm/cache.js
3:00:04 PM: ğŸ“„ Patching file: /opt/build/repo/node_modules/@vechain/connex-driver/esm/common.js
3:00:04 PM: â© No changes needed: /opt/build/repo/node_modules/@vechain/connex-driver/esm/common.js
3:00:04 PM: ğŸ“„ Patching file: /opt/build/repo/node_modules/@vechain/connex-driver/esm/driver-no-vendor.js
3:00:04 PM: â© No changes needed: /opt/build/repo/node_modules/@vechain/connex-driver/esm/driver-no-vendor.js
3:00:04 PM: ğŸ“„ Patching file: /opt/build/repo/node_modules/@vechain/connex-driver/esm/driver.js
3:00:04 PM: âœ… Patched: /opt/build/repo/node_modules/@vechain/connex-driver/esm/driver.js
3:00:04 PM: ğŸ“„ Patching file: /opt/build/repo/node_modules/@vechain/connex-driver/esm/index.js
3:00:04 PM: â© No changes needed: /opt/build/repo/node_modules/@vechain/connex-driver/esm/index.js
3:00:04 PM: ğŸ“„ Patching file: /opt/build/repo/node_modules/@vechain/connex-driver/esm/interfaces.js
3:00:04 PM: â© No changes needed: /opt/build/repo/node_modules/@vechain/connex-driver/esm/interfaces.js
3:00:04 PM: ğŸ“„ Patching file: /opt/build/repo/node_modules/@vechain/connex-driver/esm/promint.js
3:00:04 PM: â© No changes needed: /opt/build/repo/node_modules/@vechain/connex-driver/esm/promint.js
3:00:04 PM: ğŸ“„ Patching file: /opt/build/repo/node_modules/@vechain/connex-driver/esm/simple-net.js
3:00:04 PM: âœ… Patched: /opt/build/repo/node_modules/@vechain/connex-driver/esm/simple-net.js
3:00:04 PM: ğŸ“„ Patching file: /opt/build/repo/node_modules/@vechain/connex-driver/esm/simple-wallet.js
3:00:04 PM: â© No changes needed: /opt/build/repo/node_modules/@vechain/connex-driver/esm/simple-wallet.js
3:00:04 PM: ğŸ“„ Patching file: /opt/build/repo/node_modules/@vechain/connex-driver/esm/simple-websocket-reader.js
3:00:04 PM: â© No changes needed: /opt/build/repo/node_modules/@vechain/connex-driver/esm/simple-websocket-reader.js
3:00:04 PM: ğŸ“„ Patching file: /opt/build/repo/node_modules/@vechain/connex-driver/node_modules/ws/browser.js
3:00:04 PM: â© No changes needed: /opt/build/repo/node_modules/@vechain/connex-driver/node_modules/ws/browser.js
3:00:04 PM: ğŸ“„ Patching file: /opt/build/repo/node_modules/@vechain/connex-driver/node_modules/ws/index.js
3:00:04 PM: â© No changes needed: /opt/build/repo/node_modules/@vechain/connex-driver/node_modules/ws/index.js
3:00:04 PM: ğŸ“„ Patching file: /opt/build/repo/node_modules/@vechain/connex-driver/node_modules/ws/lib/buffer-util.js
3:00:04 PM: â© No changes needed: /opt/build/repo/node_modules/@vechain/connex-driver/node_modules/ws/lib/buffer-util.js
3:00:04 PM: ğŸ“„ Patching file: /opt/build/repo/node_modules/@vechain/connex-driver/node_modules/ws/lib/constants.js
3:00:04 PM: â© No changes needed: /opt/build/repo/node_modules/@vechain/connex-driver/node_modules/ws/lib/constants.js
3:00:04 PM: ğŸ“„ Patching file: /opt/build/repo/node_modules/@vechain/connex-driver/node_modules/ws/lib/event-target.js
3:00:04 PM: â© No changes needed: /opt/build/repo/node_modules/@vechain/connex-driver/node_modules/ws/lib/event-target.js
3:00:04 PM: ğŸ“„ Patching file: /opt/build/repo/node_modules/@vechain/connex-driver/node_modules/ws/lib/extension.js
3:00:04 PM: â© No changes needed: /opt/build/repo/node_modules/@vechain/connex-driver/node_modules/ws/lib/extension.js
3:00:04 PM: ğŸ“„ Patching file: /opt/build/repo/node_modules/@vechain/connex-driver/node_modules/ws/lib/limiter.js
3:00:04 PM: â© No changes needed: /opt/build/repo/node_modules/@vechain/connex-driver/node_modules/ws/lib/limiter.js
3:00:04 PM: ğŸ“„ Patching file: /opt/build/repo/node_modules/@vechain/connex-driver/node_modules/ws/lib/permessage-deflate.js
3:00:04 PM: âœ… Patched: /opt/build/repo/node_modules/@vechain/connex-driver/node_modules/ws/lib/permessage-deflate.js
3:00:04 PM: ğŸ“„ Patching file: /opt/build/repo/node_modules/@vechain/connex-driver/node_modules/ws/lib/receiver.js
3:00:04 PM: âœ… Patched: /opt/build/repo/node_modules/@vechain/connex-driver/node_modules/ws/lib/receiver.js
3:00:04 PM: ğŸ“„ Patching file: /opt/build/repo/node_modules/@vechain/connex-driver/node_modules/ws/lib/sender.js
3:00:04 PM: âœ… Patched: /opt/build/repo/node_modules/@vechain/connex-driver/node_modules/ws/lib/sender.js
3:00:04 PM: ğŸ“„ Patching file: /opt/build/repo/node_modules/@vechain/connex-driver/node_modules/ws/lib/stream.js
3:00:04 PM: âœ… Patched: /opt/build/repo/node_modules/@vechain/connex-driver/node_modules/ws/lib/stream.js
3:00:04 PM: ğŸ“„ Patching file: /opt/build/repo/node_modules/@vechain/connex-driver/node_modules/ws/lib/validation.js
3:00:04 PM: â© No changes needed: /opt/build/repo/node_modules/@vechain/connex-driver/node_modules/ws/lib/validation.js
3:00:04 PM: ğŸ“„ Patching file: /opt/build/repo/node_modules/@vechain/connex-driver/node_modules/ws/lib/websocket-server.js
3:00:04 PM: âœ… Patched: /opt/build/repo/node_modules/@vechain/connex-driver/node_modules/ws/lib/websocket-server.js
3:00:04 PM: ğŸ“„ Patching file: /opt/build/repo/node_modules/@vechain/connex-driver/node_modules/ws/lib/websocket.js
3:00:04 PM: âœ… Patched: /opt/build/repo/node_modules/@vechain/connex-driver/node_modules/ws/lib/websocket.js
3:00:04 PM: âœ… @vechain/connex-driver patching completed successfully!
3:00:04 PM: âœ… Created browser environment polyfills: /opt/build/repo/client/src/lib/polyfills.ts
3:00:04 PM: âœ… Updated /opt/build/repo/client/src/main.tsx with polyfill import
3:00:04 PM: âœ… Created browser environment detection module: /opt/build/repo/client/src/lib/browser-info.ts
3:00:04 PM: ğŸ‰ All patching completed successfully!
3:00:04 PM: âš ï¸ Note: This patching is only needed for browser environments. The original functionality is preserved for Node.js environments.
3:00:04 PM: Successfully ran improved patching script!
3:00:04 PM: All patching operations complete!
3:00:04 PM: ğŸ”§ Patching VeWorld vendor...
3:00:04 PM: Running VeWorld vendor patch to fix genesisId compatibility issues...
3:00:04 PM: ğŸ“‹ Found vechain.ts file at /opt/build/repo/client/src/lib/vechain.ts
3:00:04 PM: ğŸ“‹ Created backup of vechain.ts at /opt/build/repo/client/src/lib/vechain.ts.bak
3:00:04 PM: âœ… VeWorld handler is already implemented in the code. Skipping patching.
3:00:04 PM: VeWorld vendor patch âœ… completed successfully
3:00:04 PM: Remember to rebuild the project after this patch!
3:00:04 PM: ğŸ”§ Injecting polyfills into HTML template...
3:00:04 PM: ğŸ”§ Injecting polyfills into index.html
3:00:04 PM: HTML file not found: /opt/build/repo/public/index.html
3:00:04 PM: ğŸ—ï¸ Building the application...
3:00:04 PM: ğŸ“ Preparing build configuration...
3:00:05 PM: failed to load config from /opt/build/repo/vite.config.netlify.js
3:00:05 PM: error during build:
3:00:05 PM: Error [ERR_MODULE_NOT_FOUND]: Cannot find package '@vitejs/plugin-react' imported from /opt/build/repo/vite.config.netlify.js.timestamp-1744401605129-fc64fe71d962f.mjs
3:00:05 PM:     at Object.getPackageJSONURL (node:internal/modules/package_json_reader:268:9)
3:00:05 PM:     at packageResolve (node:internal/modules/esm/resolve:768:81)
3:00:05 PM:     at moduleResolve (node:internal/modules/esm/resolve:854:18)
3:00:05 PM:     at defaultResolve (node:internal/modules/esm/resolve:984:11)
3:00:05 PM:     at ModuleLoader.defaultResolve (node:internal/modules/esm/loader:685:12)
3:00:05 PM:     at #cachedDefaultResolve (node:internal/modules/esm/loader:634:25)
3:00:05 PM:     at ModuleLoader.resolve (node:internal/modules/esm/loader:617:38)
3:00:05 PM:     at ModuleLoader.getModuleJobForImport (node:internal/modules/esm/loader:273:38)
3:00:05 PM:     at ModuleJob._link (node:internal/modules/esm/module_job:135:49)
3:00:05 PM: Build failed, trying alternative configuration...
3:00:05 PM: failed to load config from /opt/build/repo/vite.config.simple.js
3:00:05 PM: error during build:
3:00:05 PM: Error [ERR_MODULE_NOT_FOUND]: Cannot find package '@vitejs/plugin-react' imported from /opt/build/repo/vite.config.simple.js.timestamp-1744401605440-bda7a674996c.mjs
3:00:05 PM:     at Object.getPackageJSONURL (node:internal/modules/package_json_reader:268:9)
3:00:05 PM:     at packageResolve (node:internal/modules/esm/resolve:768:81)
3:00:05 PM:     at moduleResolve (node:internal/modules/esm/resolve:854:18)
3:00:05 PM:     at defaultResolve (node:internal/modules/esm/resolve:984:11)
3:00:05 PM:     at ModuleLoader.defaultResolve (node:internal/modules/esm/loader:685:12)
3:00:05 PM:     at #cachedDefaultResolve (node:internal/modules/esm/loader:634:25)
3:00:05 PM:     at ModuleLoader.resolve (node:internal/modules/esm/loader:617:38)
3:00:05 PM:     at ModuleLoader.getModuleJobForImport (node:internal/modules/esm/loader:273:38)
3:00:05 PM:     at ModuleJob._link (node:internal/modules/esm/module_job:135:49)
3:00:05 PM: Simple config failed too, trying minimal config...
3:00:05 PM: failed to load config from /opt/build/repo/vite.config.js
3:00:05 PM: error during build:
3:00:05 PM: Error [ERR_MODULE_NOT_FOUND]: Cannot find package '@vitejs/plugin-react' imported from /opt/build/repo/vite.config.js.timestamp-1744401605748-2e6338799cab5.mjs
3:00:05 PM:     at Object.getPackageJSONURL (node:internal/modules/package_json_reader:268:9)
3:00:05 PM:     at packageResolve (node:internal/modules/esm/resolve:768:81)
3:00:05 PM:     at moduleResolve (node:internal/modules/esm/resolve:854:18)
3:00:05 PM:     at defaultResolve (node:internal/modules/esm/resolve:984:11)
3:00:05 PM:     at ModuleLoader.defaultResolve (node:internal/modules/esm/loader:685:12)
3:00:05 PM:     at #cachedDefaultResolve (node:internal/modules/esm/loader:634:25)
3:00:05 PM:     at ModuleLoader.resolve (node:internal/modules/esm/loader:617:38)
3:00:05 PM:     at ModuleLoader.getModuleJobForImport (node:internal/modules/esm/loader:273:38)
3:00:05 PM:     at ModuleJob._link (node:internal/modules/esm/module_job:135:49)
3:00:05 PM: âŒ Build failed: Command failed: npx vite build
3:00:05 PM: â€‹
3:00:05 PM: "build.command" failed                                        
3:00:05 PM: â”€â”€â”€â”€â”€â”€â”€â”€â”€â”€â”€â”€â”€â”€â”€â”€â”€â”€â”€â”€â”€â”€â”€â”€â”€â”€â”€â”€â”€â”€â”€â”€â”€â”€â”€â”€â”€â”€â”€â”€â”€â”€â”€â”€â”€â”€â”€â”€â”€â”€â”€â”€â”€â”€â”€â”€â”€â”€â”€â”€â”€â”€â”€â”€
3:00:05 PM: â€‹
3:00:05 PM:   Error message
3:00:05 PM:   Command failed with exit code 1: node scripts/netlify-build.cjs (https://ntl.fyi/exit-code-1)
3:00:05 PM: â€‹
3:00:05 PM:   Error location
3:00:05 PM:   In build.command from netlify.toml:
3:00:05 PM:   node scripts/netlify-build.cjs
3:00:05 PM: â€‹
3:00:05 PM:   Resolved config
3:00:05 PM:   build:
3:00:05 PM:     command: node scripts/netlify-build.cjs
3:00:05 PM:     commandOrigin: config
3:00:05 PM:     environment:
3:00:05 PM:       - ITE_DEPLOYMENT_ENV
3:00:05 PM:       - VITE_REACT_APP_NFT_CONTRACT_ADDRESS
3:00:05 PM:       - VITE_REACT_APP_VECHAIN_NETWORK
3:00:05 PM:       - VITE_VECHAIN_EXPLORER_URL
3:00:05 PM:       - VITE_VECHAIN_MAINNET_GENESIS_ID
3:00:05 PM:       - VITE_VECHAIN_PRIVATE_KEY
3:00:05 PM:       - VITE_VECHAIN_TESTNET_GENESIS_ID
3:00:05 PM:       - VITE_WALLETCONNECT_PROJECT_ID
3:00:05 PM:       - NETLIFY_CACHE_BUST
3:00:05 PM:       - NODE_ENV
3:00:05 PM:       - NPM_FLAGS
3:00:05 PM:       - CI_NPM_FLAGS
3:00:05 PM:       - VITE_VECHAIN_NODE_URL_TESTNET
3:00:05 PM:       - VITE_VECHAIN_NODE_URL_MAINNET
3:00:05 PM:       - VITE_DEPLOYMENT_ENV
3:00:05 PM:     publish: /opt/build/repo/dist/public
3:00:05 PM:     publishOrigin: config
3:00:05 PM:   headers:
3:00:06 PM: Failed during stage 'building site': Build script returned non-zero exit code: 2 (https://ntl.fyi/exit-code-2)
3:00:06 PM:     - for: /*
      values:
        Referrer-Policy: no-referrer-when-downgrade
        X-Content-Type-Options: nosniff
        X-Frame-Options: DENY
        X-XSS-Protection: 1; mode=block
    - for: /assets/*
      values:
        Cache-Control: public, max-age=31536000, immutable
  headersOrigin: config
  redirects:
    - from: /*
      status: 200
      to: /index.html
  redirectsOrigin: config
3:00:06 PM: Build failed due to a user error: Build script returned non-zero exit code: 2
3:00:06 PM: Failing build: Failed to build site
3:00:06 PM: Finished processing build request in 1m51.059s